# JRE version: Java(TM) SE Runtime Environment (8.0_131-b11) (build 1.8.0_131-b11)
# Java VM: Java HotSpot(TM) 64-Bit Server VM (25.131-b11 mixed mode windows-amd64 compressed oops)
Heap:
 PSYoungGen      total 632832K, used 51011K [0x00000000d5c00000, 0x0000000100000000, 0x0000000100000000)
  eden space 609280K, 8% used [0x00000000d5c00000,0x00000000d8dd0dc0,0x00000000faf00000)
  from space 23552K, 0% used [0x00000000fe900000,0x00000000fe900000,0x0000000100000000)
  to   space 41472K, 0% used [0x00000000faf00000,0x00000000faf00000,0x00000000fd780000)
 ParOldGen       total 179712K, used 71021K [0x0000000081400000, 0x000000008c380000, 0x00000000d5c00000)
  object space 179712K, 39% used [0x0000000081400000,0x000000008595b6e8,0x000000008c380000)
 Metaspace       used 42299K, capacity 44172K, committed 44504K, reserved 1087488K
  class space    used 5102K, capacity 5771K, committed 5888K, reserved 1048576K
GC Heap History (10 events):
Event: 5168.063 GC heap before
{Heap before GC invocations=2192 (full 5):
 PSYoungGen      total 683520K, used 678080K [0x00000000d5c00000, 0x00000000ffe80000, 0x0000000100000000)
  eden space 677376K, 100% used [0x00000000d5c00000,0x00000000ff180000,0x00000000ff180000)
  from space 6144K, 11% used [0x00000000ff880000,0x00000000ff930000,0x00000000ffe80000)
  to   space 6656K, 0% used [0x00000000ff180000,0x00000000ff180000,0x00000000ff800000)
 ParOldGen       total 175616K, used 103480K [0x0000000081400000, 0x000000008bf80000, 0x00000000d5c00000)
  object space 175616K, 58% used [0x0000000081400000,0x000000008790e298,0x000000008bf80000)
 Metaspace       used 41723K, capacity 43482K, committed 43608K, reserved 1087488K
  class space    used 5028K, capacity 5672K, committed 5760K, reserved 1048576K
Event: 5168.079 GC heap after
Heap after GC invocations=2192 (full 5):
 PSYoungGen      total 684032K, used 6647K [0x00000000d5c00000, 0x0000000100000000, 0x0000000100000000)
  eden space 677376K, 0% used [0x00000000d5c00000,0x00000000d5c00000,0x00000000ff180000)
  from space 6656K, 99% used [0x00000000ff180000,0x00000000ff7fde80,0x00000000ff800000)
  to   space 8192K, 0% used [0x00000000ff800000,0x00000000ff800000,0x0000000100000000)
 ParOldGen       total 175616K, used 117839K [0x0000000081400000, 0x000000008bf80000, 0x00000000d5c00000)
  object space 175616K, 67% used [0x0000000081400000,0x0000000088713e30,0x000000008bf80000)
 Metaspace       used 41723K, capacity 43482K, committed 43608K, reserved 1087488K
  class space    used 5028K, capacity 5672K, committed 5760K, reserved 1048576K
}
Event: 6306.869 GC heap before
{Heap before GC invocations=2193 (full 5):
 PSYoungGen      total 684032K, used 684023K [0x00000000d5c00000, 0x0000000100000000, 0x0000000100000000)
  eden space 677376K, 100% used [0x00000000d5c00000,0x00000000ff180000,0x00000000ff180000)
  from space 6656K, 99% used [0x00000000ff180000,0x00000000ff7fde80,0x00000000ff800000)
  to   space 8192K, 0% used [0x00000000ff800000,0x00000000ff800000,0x0000000100000000)
 ParOldGen       total 175616K, used 117839K [0x0000000081400000, 0x000000008bf80000, 0x00000000d5c00000)
  object space 175616K, 67% used [0x0000000081400000,0x0000000088713e30,0x000000008bf80000)
 Metaspace       used 42107K, capacity 43962K, committed 44248K, reserved 1087488K
  class space    used 5100K, capacity 5768K, committed 5888K, reserved 1048576K
Event: 6306.891 GC heap after
Heap after GC invocations=2193 (full 5):
 PSYoungGen      total 653312K, used 8167K [0x00000000d5c00000, 0x0000000100000000, 0x0000000100000000)
  eden space 645120K, 0% used [0x00000000d5c00000,0x00000000d5c00000,0x00000000fd200000)
  from space 8192K, 99% used [0x00000000ff800000,0x00000000ffff9c60,0x0000000100000000)
  to   space 23552K, 0% used [0x00000000fd200000,0x00000000fd200000,0x00000000fe900000)
 ParOldGen       total 175616K, used 142276K [0x0000000081400000, 0x000000008bf80000, 0x00000000d5c00000)
  object space 175616K, 81% used [0x0000000081400000,0x0000000089ef10f0,0x000000008bf80000)
 Metaspace       used 42107K, capacity 43962K, committed 44248K, reserved 1087488K
  class space    used 5100K, capacity 5768K, committed 5888K, reserved 1048576K
}
Event: 6313.226 GC heap before
{Heap before GC invocations=2194 (full 5):
 PSYoungGen      total 653312K, used 653287K [0x00000000d5c00000, 0x0000000100000000, 0x0000000100000000)
  eden space 645120K, 100% used [0x00000000d5c00000,0x00000000fd200000,0x00000000fd200000)
  from space 8192K, 99% used [0x00000000ff800000,0x00000000ffff9c60,0x0000000100000000)
  to   space 23552K, 0% used [0x00000000fd200000,0x00000000fd200000,0x00000000fe900000)
 ParOldGen       total 175616K, used 142276K [0x0000000081400000, 0x000000008bf80000, 0x00000000d5c00000)
  object space 175616K, 81% used [0x0000000081400000,0x0000000089ef10f0,0x000000008bf80000)
 Metaspace       used 42175K, capacity 43986K, committed 44248K, reserved 1087488K
  class space    used 5102K, capacity 5772K, committed 5888K, reserved 1048576K
Event: 6313.247 GC heap after
Heap after GC invocations=2194 (full 5):
 PSYoungGen      total 668672K, used 23528K [0x00000000d5c00000, 0x0000000100000000, 0x0000000100000000)
  eden space 645120K, 0% used [0x00000000d5c00000,0x00000000d5c00000,0x00000000fd200000)
  from space 23552K, 99% used [0x00000000fd200000,0x00000000fe8fa2e0,0x00000000fe900000)
  to   space 23552K, 0% used [0x00000000fe900000,0x00000000fe900000,0x0000000100000000)
 ParOldGen       total 175616K, used 151602K [0x0000000081400000, 0x000000008bf80000, 0x00000000d5c00000)
  object space 175616K, 86% used [0x0000000081400000,0x000000008a80cb20,0x000000008bf80000)
 Metaspace       used 42175K, capacity 43986K, committed 44248K, reserved 1087488K
  class space    used 5102K, capacity 5772K, committed 5888K, reserved 1048576K
}
Event: 14973.860 GC heap before
{Heap before GC invocations=2195 (full 5):
 PSYoungGen      total 668672K, used 668648K [0x00000000d5c00000, 0x0000000100000000, 0x0000000100000000)
  eden space 645120K, 100% used [0x00000000d5c00000,0x00000000fd200000,0x00000000fd200000)
  from space 23552K, 99% used [0x00000000fd200000,0x00000000fe8fa2e0,0x00000000fe900000)
  to   space 23552K, 0% used [0x00000000fe900000,0x00000000fe900000,0x0000000100000000)
 ParOldGen       total 175616K, used 151602K [0x0000000081400000, 0x000000008bf80000, 0x00000000d5c00000)
  object space 175616K, 86% used [0x0000000081400000,0x000000008a80cb20,0x000000008bf80000)
 Metaspace       used 42274K, capacity 44114K, committed 44248K, reserved 1087488K
  class space    used 5103K, capacity 5772K, committed 5888K, reserved 1048576K
Event: 14974.016 GC heap after
Heap after GC invocations=2195 (full 5):
 PSYoungGen      total 632832K, used 23549K [0x00000000d5c00000, 0x0000000100000000, 0x0000000100000000)
  eden space 609280K, 0% used [0x00000000d5c00000,0x00000000d5c00000,0x00000000faf00000)
  from space 23552K, 99% used [0x00000000fe900000,0x00000000fffff6e8,0x0000000100000000)
  to   space 41472K, 0% used [0x00000000faf00000,0x00000000faf00000,0x00000000fd780000)
 ParOldGen       total 175616K, used 169335K [0x0000000081400000, 0x000000008bf80000, 0x00000000d5c00000)
  object space 175616K, 96% used [0x0000000081400000,0x000000008b95deb8,0x000000008bf80000)
 Metaspace       used 42274K, capacity 44114K, committed 44248K, reserved 1087488K
  class space    used 5103K, capacity 5772K, committed 5888K, reserved 1048576K
}
Event: 14974.016 GC heap before
{Heap before GC invocations=2196 (full 6):
 PSYoungGen      total 632832K, used 23549K [0x00000000d5c00000, 0x0000000100000000, 0x0000000100000000)
  eden space 609280K, 0% used [0x00000000d5c00000,0x00000000d5c00000,0x00000000faf00000)
  from space 23552K, 99% used [0x00000000fe900000,0x00000000fffff6e8,0x0000000100000000)
  to   space 41472K, 0% used [0x00000000faf00000,0x00000000faf00000,0x00000000fd780000)
 ParOldGen       total 175616K, used 169335K [0x0000000081400000, 0x000000008bf80000, 0x00000000d5c00000)
  object space 175616K, 96% used [0x0000000081400000,0x000000008b95deb8,0x000000008bf80000)
 Metaspace       used 42274K, capacity 44114K, committed 44248K, reserved 1087488K
  class space    used 5103K, capacity 5772K, committed 5888K, reserved 1048576K
Event: 14974.408 GC heap after
Heap after GC invocations=2196 (full 6):
 PSYoungGen      total 632832K, used 0K [0x00000000d5c00000, 0x0000000100000000, 0x0000000100000000)
  eden space 609280K, 0% used [0x00000000d5c00000,0x00000000d5c00000,0x00000000faf00000)
  from space 23552K, 0% used [0x00000000fe900000,0x00000000fe900000,0x0000000100000000)
  to   space 41472K, 0% used [0x00000000faf00000,0x00000000faf00000,0x00000000fd780000)
 ParOldGen       total 179712K, used 71021K [0x0000000081400000, 0x000000008c380000, 0x00000000d5c00000)
  object space 179712K, 39% used [0x0000000081400000,0x000000008595b6e8,0x000000008c380000)
 Metaspace       used 42270K, capacity 44108K, committed 44248K, reserved 1087488K
  class space    used 5102K, capacity 5771K, committed 5888K, reserved 1048576K
}

